TN:
SF:src/controllers/AuthController.ts
FN:6,login
FN:13,refresh_token
FN:19,forgot
FNF:3
FNH:1
FNDA:1,login
FNDA:0,refresh_token
FNDA:0,forgot
DA:1,1
DA:2,1
DA:3,1
DA:4,1
DA:5,1
DA:6,1
DA:7,1
DA:8,1
DA:9,1
DA:10,1
DA:11,1
DA:12,1
DA:13,1
DA:14,0
DA:15,0
DA:16,0
DA:17,0
DA:18,1
DA:19,1
DA:20,0
DA:21,0
DA:22,0
DA:23,0
DA:24,1
DA:25,1
LF:25
LH:17
BRDA:6,0,0,1
BRF:1
BRH:1
end_of_record
TN:
SF:src/controllers/UsersController.ts
FN:6,create
FN:12,update
FN:19,all
FN:24,find
FN:30,destroy
FN:36,avatar
FNF:6
FNH:4
FNDA:2,create
FNDA:1,update
FNDA:1,all
FNDA:2,find
FNDA:0,destroy
FNDA:0,avatar
DA:1,1
DA:2,1
DA:3,1
DA:4,1
DA:5,1
DA:6,1
DA:7,2
DA:8,2
DA:9,0
DA:10,0
DA:11,1
DA:12,1
DA:13,1
DA:14,1
DA:15,1
DA:16,0
DA:17,0
DA:18,1
DA:19,1
DA:20,1
DA:21,1
DA:22,1
DA:23,1
DA:24,1
DA:25,2
DA:26,2
DA:27,2
DA:28,2
DA:29,1
DA:30,1
DA:31,0
DA:32,0
DA:33,0
DA:34,0
DA:35,1
DA:36,1
DA:37,0
DA:38,0
DA:39,0
DA:40,0
DA:41,0
DA:42,0
DA:43,1
LF:43
LH:29
BRDA:6,0,0,2
BRDA:9,1,0,0
BRDA:12,2,0,1
BRDA:16,3,0,0
BRDA:19,4,0,1
BRDA:24,5,0,2
BRF:6
BRH:4
end_of_record
TN:
SF:src/controllers/index.ts
FNF:0
FNH:0
DA:1,1
DA:2,1
DA:3,1
DA:4,1
DA:5,1
DA:6,1
DA:7,1
DA:8,1
DA:9,1
DA:10,1
DA:11,1
DA:12,1
DA:13,1
DA:14,1
DA:15,1
DA:16,1
DA:17,1
DA:18,1
DA:19,1
DA:20,1
DA:21,1
LF:21
LH:21
BRF:0
BRH:0
end_of_record
